<?xml version="1.0" encoding="UTF-8"?>
<!-- Generated by org.testng.reporters.JUnitReportReporter -->
<testsuite hostname="INHYNSKODURU102" failures="0" tests="5" name="testCases.TC_VideoGameApi" time="5.794" errors="0" timestamp="2025-01-29T16:29:31 IST" skipped="0">
  <testcase classname="testCases.TC_VideoGameApi" name="Test_getAllVideoGames" time="1.637"/>
  <testcase classname="testCases.TC_VideoGameApi" name="Test_addNewVideoGame" time="0.299"/>
  <testcase classname="testCases.TC_VideoGameApi" name="Test_getVideoGame" time="0.755"/>
  <testcase classname="testCases.TC_VideoGameApi" name="Test_UpdateVideoGame" time="0.079"/>
  <testcase classname="testCases.TC_VideoGameApi" name="Test_DeleteVideoGame" time="3.024"/>
</testsuite> <!-- testCases.TC_VideoGameApi -->
